<?xml version="1.0" encoding="UTF-8"?>
<!-- Generated by org.testng.reporters.JUnitXMLReporter -->
<testsuite ignored="0" hostname="Nidhis-MacBook-Pro.local" failures="0" tests="4" name="Test" time="20.677" errors="0" timestamp="2024-04-26T23:23:14 MST">
  <testcase classname="TestNgEx.FirstTest" name="openApp" time="12.695"/>
  <testcase classname="TestNgEx.FirstTest" name="login" time="7.742"/>
  <testcase classname="TestNgEx.FirstTest" name="close" time="0.153"/>
  <testcase classname="TestNgEx.SecondTest" name="test" time="0.002"/>
</testsuite> <!-- Test -->
