<?xml version="1.0" encoding="UTF-8"?>
<testng-results ignored="0" total="2" passed="2" failed="0" skipped="0">
  <reporter-output>
  </reporter-output>
  <suite started-at="2024-04-26T23:55:07 MST" name="Default suite" finished-at="2024-04-26T23:55:07 MST" duration-ms="118">
    <groups>
    </groups>
    <test started-at="2024-04-26T23:55:07 MST" name="Default test" finished-at="2024-04-26T23:55:07 MST" duration-ms="118">
      <class name="AnnotationEx.AnnotationDemo1">
        <test-method is-config="true" signature="login()[pri:0, instance:AnnotationEx.AnnotationDemo1@413d1baf]" started-at="2024-04-26T23:55:07 MST" name="login" finished-at="2024-04-26T23:55:07 MST" duration-ms="45" status="PASS">
          <reporter-output>
          </reporter-output>
        </test-method> <!-- login -->
        <test-method signature="AdvanceSearch()[pri:0, instance:AnnotationEx.AnnotationDemo1@413d1baf]" started-at="2024-04-26T23:55:07 MST" name="AdvanceSearch" finished-at="2024-04-26T23:55:07 MST" duration-ms="5" status="PASS">
          <reporter-output>
          </reporter-output>
        </test-method> <!-- AdvanceSearch -->
        <test-method signature="Search()[pri:1, instance:AnnotationEx.AnnotationDemo1@413d1baf]" started-at="2024-04-26T23:55:07 MST" name="Search" finished-at="2024-04-26T23:55:07 MST" duration-ms="2" status="PASS">
          <reporter-output>
          </reporter-output>
        </test-method> <!-- Search -->
        <test-method is-config="true" signature="Logout()[pri:0, instance:AnnotationEx.AnnotationDemo1@413d1baf]" started-at="2024-04-26T23:55:07 MST" name="Logout" finished-at="2024-04-26T23:55:07 MST" duration-ms="1" status="PASS">
          <reporter-output>
          </reporter-output>
        </test-method> <!-- Logout -->
      </class> <!-- AnnotationEx.AnnotationDemo1 -->
    </test> <!-- Default test -->
  </suite> <!-- Default suite -->
</testng-results>
